<?xml version="1.0" encoding="UTF-8"?>
<testsuite xmlns:xsi="http://www.w3.org/2001/XMLSchema-instance" xsi:noNamespaceSchemaLocation="https://maven.apache.org/surefire/maven-surefire-plugin/xsd/surefire-test-report-3.0.xsd" version="3.0" name="testsearch" time="0.053" tests="1" errors="1" skipped="0" failures="0">
  <properties>
    <property name="java.specification.version" value="16"/>
    <property name="sun.jnu.encoding" value="UTF-8"/>
    <property name="java.class.path" value="/Users/duytruong/NetBeansProjects/ktpm/target/test-classes:/Users/duytruong/.m2/repository/mysql/mysql-connector-java/8.0.23/mysql-connector-java-8.0.23.jar:/Users/duytruong/.m2/repository/com/google/protobuf/protobuf-java/3.11.4/protobuf-java-3.11.4.jar:/Users/duytruong/.m2/repository/org/junit/jupiter/junit-jupiter-api/5.8.0-M1/junit-jupiter-api-5.8.0-M1.jar:/Users/duytruong/.m2/repository/org/apiguardian/apiguardian-api/1.1.1/apiguardian-api-1.1.1.jar:/Users/duytruong/.m2/repository/org/opentest4j/opentest4j/1.2.0/opentest4j-1.2.0.jar:/Users/duytruong/.m2/repository/org/junit/platform/junit-platform-commons/1.8.0-M1/junit-platform-commons-1.8.0-M1.jar:/Users/duytruong/.m2/repository/org/openjfx/javafx-controls/13/javafx-controls-13.jar:/Users/duytruong/.m2/repository/org/openjfx/javafx-graphics/13/javafx-graphics-13.jar:/Users/duytruong/.m2/repository/org/openjfx/javafx-base/13/javafx-base-13.jar:/Users/duytruong/.m2/repository/org/openjfx/javafx-fxml/13/javafx-fxml-13.jar:/Users/duytruong/.m2/repository/com/dht/SaleAppV2/1.0-SNAPSHOT/SaleAppV2-1.0-SNAPSHOT.jar:/Users/duytruong/.m2/repository/junit/junit/4.13/junit-4.13.jar:/Users/duytruong/.m2/repository/org/hamcrest/hamcrest-core/1.3/hamcrest-core-1.3.jar:"/>
    <property name="java.vm.vendor" value="Oracle Corporation"/>
    <property name="sun.arch.data.model" value="64"/>
    <property name="java.vendor.url" value="https://java.oracle.com/"/>
    <property name="os.name" value="Mac OS X"/>
    <property name="java.vm.specification.version" value="16"/>
    <property name="user.country" value="VN"/>
    <property name="sun.java.launcher" value="SUN_STANDARD"/>
    <property name="sun.boot.library.path" value="/Library/Java/JavaVirtualMachines/jdk-16.jdk/Contents/Home/lib"/>
    <property name="sun.java.command" value="org.apache.maven.surefire.booter.ForkedBooter /Users/duytruong/NetBeansProjects/ktpm/target/surefire 2021-05-10T21-14-56_017-jvmRun1 surefire8865248797959457086tmp surefire_014515357539519321787tmp"/>
    <property name="http.nonProxyHosts" value="local|*.local|169.254/16|*.169.254/16"/>
    <property name="jdk.debug" value="release"/>
    <property name="test" value="testsearch"/>
    <property name="surefire.test.class.path" value="/Users/duytruong/NetBeansProjects/ktpm/target/test-classes:/Users/duytruong/.m2/repository/mysql/mysql-connector-java/8.0.23/mysql-connector-java-8.0.23.jar:/Users/duytruong/.m2/repository/com/google/protobuf/protobuf-java/3.11.4/protobuf-java-3.11.4.jar:/Users/duytruong/.m2/repository/org/junit/jupiter/junit-jupiter-api/5.8.0-M1/junit-jupiter-api-5.8.0-M1.jar:/Users/duytruong/.m2/repository/org/apiguardian/apiguardian-api/1.1.1/apiguardian-api-1.1.1.jar:/Users/duytruong/.m2/repository/org/opentest4j/opentest4j/1.2.0/opentest4j-1.2.0.jar:/Users/duytruong/.m2/repository/org/junit/platform/junit-platform-commons/1.8.0-M1/junit-platform-commons-1.8.0-M1.jar:/Users/duytruong/.m2/repository/org/openjfx/javafx-controls/13/javafx-controls-13.jar:/Users/duytruong/.m2/repository/org/openjfx/javafx-graphics/13/javafx-graphics-13.jar:/Users/duytruong/.m2/repository/org/openjfx/javafx-base/13/javafx-base-13.jar:/Users/duytruong/.m2/repository/org/openjfx/javafx-fxml/13/javafx-fxml-13.jar:/Users/duytruong/.m2/repository/com/dht/SaleAppV2/1.0-SNAPSHOT/SaleAppV2-1.0-SNAPSHOT.jar:/Users/duytruong/.m2/repository/junit/junit/4.13/junit-4.13.jar:/Users/duytruong/.m2/repository/org/hamcrest/hamcrest-core/1.3/hamcrest-core-1.3.jar:"/>
    <property name="sun.cpu.endian" value="little"/>
    <property name="user.home" value="/Users/duytruong"/>
    <property name="user.language" value="en"/>
    <property name="java.specification.vendor" value="Oracle Corporation"/>
    <property name="jdk.module.path" value="/Users/duytruong/NetBeansProjects/ktpm/target/classes:/Users/duytruong/.m2/repository/org/openjfx/javafx-controls/13/javafx-controls-13-mac.jar:/Users/duytruong/.m2/repository/org/openjfx/javafx-graphics/13/javafx-graphics-13-mac.jar:/Users/duytruong/.m2/repository/org/openjfx/javafx-base/13/javafx-base-13-mac.jar:/Users/duytruong/.m2/repository/org/openjfx/javafx-fxml/13/javafx-fxml-13-mac.jar"/>
    <property name="java.version.date" value="2021-03-16"/>
    <property name="java.home" value="/Library/Java/JavaVirtualMachines/jdk-16.jdk/Contents/Home"/>
    <property name="file.separator" value="/"/>
    <property name="basedir" value="/Users/duytruong/NetBeansProjects/ktpm"/>
    <property name="java.vm.compressedOopsMode" value="Zero based"/>
    <property name="line.separator" value="&#10;"/>
    <property name="java.vm.specification.vendor" value="Oracle Corporation"/>
    <property name="java.specification.name" value="Java Platform API Specification"/>
    <property name="surefire.real.class.path" value="/Users/duytruong/.m2/repository/org/apache/maven/surefire/surefire-booter/3.0.0-M5/surefire-booter-3.0.0-M5.jar:/Users/duytruong/.m2/repository/org/apache/maven/surefire/surefire-api/3.0.0-M5/surefire-api-3.0.0-M5.jar:/Users/duytruong/.m2/repository/org/apache/maven/surefire/surefire-logger-api/3.0.0-M5/surefire-logger-api-3.0.0-M5.jar:/Users/duytruong/.m2/repository/org/apache/maven/surefire/surefire-shared-utils/3.0.0-M4/surefire-shared-utils-3.0.0-M4.jar:/Users/duytruong/.m2/repository/org/apache/maven/surefire/surefire-extensions-spi/3.0.0-M5/surefire-extensions-spi-3.0.0-M5.jar:/Users/duytruong/NetBeansProjects/ktpm/target/test-classes:/Users/duytruong/.m2/repository/mysql/mysql-connector-java/8.0.23/mysql-connector-java-8.0.23.jar:/Users/duytruong/.m2/repository/com/google/protobuf/protobuf-java/3.11.4/protobuf-java-3.11.4.jar:/Users/duytruong/.m2/repository/org/junit/jupiter/junit-jupiter-api/5.8.0-M1/junit-jupiter-api-5.8.0-M1.jar:/Users/duytruong/.m2/repository/org/apiguardian/apiguardian-api/1.1.1/apiguardian-api-1.1.1.jar:/Users/duytruong/.m2/repository/org/opentest4j/opentest4j/1.2.0/opentest4j-1.2.0.jar:/Users/duytruong/.m2/repository/org/junit/platform/junit-platform-commons/1.8.0-M1/junit-platform-commons-1.8.0-M1.jar:/Users/duytruong/.m2/repository/org/openjfx/javafx-controls/13/javafx-controls-13.jar:/Users/duytruong/.m2/repository/org/openjfx/javafx-graphics/13/javafx-graphics-13.jar:/Users/duytruong/.m2/repository/org/openjfx/javafx-base/13/javafx-base-13.jar:/Users/duytruong/.m2/repository/org/openjfx/javafx-fxml/13/javafx-fxml-13.jar:/Users/duytruong/.m2/repository/com/dht/SaleAppV2/1.0-SNAPSHOT/SaleAppV2-1.0-SNAPSHOT.jar:/Users/duytruong/.m2/repository/junit/junit/4.13/junit-4.13.jar:/Users/duytruong/.m2/repository/org/hamcrest/hamcrest-core/1.3/hamcrest-core-1.3.jar:/Users/duytruong/.m2/repository/org/apache/maven/surefire/surefire-junit-platform/3.0.0-M5/surefire-junit-platform-3.0.0-M5.jar:/Users/duytruong/.m2/repository/org/apache/maven/surefire/common-java5/3.0.0-M5/common-java5-3.0.0-M5.jar:/Users/duytruong/.m2/repository/org/junit/platform/junit-platform-launcher/1.8.0-M1/junit-platform-launcher-1.8.0-M1.jar:/Users/duytruong/.m2/repository/org/junit/platform/junit-platform-engine/1.8.0-M1/junit-platform-engine-1.8.0-M1.jar:/Users/duytruong/.m2/repository/org/junit/jupiter/junit-jupiter-engine/5.8.0-M1/junit-jupiter-engine-5.8.0-M1.jar:/Users/duytruong/.m2/repository/org/jetbrains/kotlin/kotlin-stdlib-jdk8/1.4.20/kotlin-stdlib-jdk8-1.4.20.jar:/Users/duytruong/.m2/repository/org/jetbrains/kotlin/kotlin-stdlib/1.4.20/kotlin-stdlib-1.4.20.jar:/Users/duytruong/.m2/repository/org/jetbrains/kotlin/kotlin-stdlib-common/1.4.20/kotlin-stdlib-common-1.4.20.jar:/Users/duytruong/.m2/repository/org/jetbrains/annotations/13.0/annotations-13.0.jar:/Users/duytruong/.m2/repository/org/jetbrains/kotlin/kotlin-stdlib-jdk7/1.4.20/kotlin-stdlib-jdk7-1.4.20.jar:/Users/duytruong/.m2/repository/org/junit/vintage/junit-vintage-engine/5.8.0-M1/junit-vintage-engine-5.8.0-M1.jar"/>
    <property name="sun.management.compiler" value="HotSpot 64-Bit Tiered Compilers"/>
    <property name="ftp.nonProxyHosts" value="local|*.local|169.254/16|*.169.254/16"/>
    <property name="java.runtime.version" value="16+36-2231"/>
    <property name="user.name" value="duytruong"/>
    <property name="path.separator" value=":"/>
    <property name="os.version" value="10.15.7"/>
    <property name="java.runtime.name" value="Java(TM) SE Runtime Environment"/>
    <property name="file.encoding" value="UTF-8"/>
    <property name="java.vm.name" value="Java HotSpot(TM) 64-Bit Server VM"/>
    <property name="maven.ext.class.path" value="/Applications/NetBeans/Apache NetBeans 12.0.app/Contents/Resources/NetBeans/netbeans/java/maven-nblib/netbeans-eventspy.jar"/>
    <property name="localRepository" value="/Users/duytruong/.m2/repository"/>
    <property name="java.vendor.url.bug" value="https://bugreport.java.com/bugreport/"/>
    <property name="java.io.tmpdir" value="/var/folders/5b/3h06lr813wq8_2p30j074gjc0000gn/T/"/>
    <property name="java.version" value="16"/>
    <property name="user.dir" value="/Users/duytruong/NetBeansProjects/ktpm"/>
    <property name="os.arch" value="x86_64"/>
    <property name="java.vm.specification.name" value="Java Virtual Machine Specification"/>
    <property name="java.library.path" value="/Users/duytruong/Library/Java/Extensions:/Library/Java/Extensions:/Network/Library/Java/Extensions:/System/Library/Java/Extensions:/usr/lib/java:."/>
    <property name="java.vm.info" value="mixed mode"/>
    <property name="java.vendor" value="Oracle Corporation"/>
    <property name="java.vm.version" value="16+36-2231"/>
    <property name="sun.io.unicode.encoding" value="UnicodeBig"/>
    <property name="socksNonProxyHosts" value="local|*.local|169.254/16|*.169.254/16"/>
    <property name="java.class.version" value="60.0"/>
  </properties>
  <testcase name="" classname="testsearch" time="0.053">
    <error type="java.lang.IllegalAccessError"><![CDATA[java.lang.IllegalAccessError: class testsearch (in unnamed module @0x333291e3) cannot access class com.team.service.JdbcUtils (in module com.team.btlon) because module com.team.btlon does not export com.team.service to unnamed module @0x333291e3
	at testsearch.setUpClass(testsearch.java:28)
]]></error>
  </testcase>
</testsuite>